* b96b0d6 Terminando Práctica Ramas y Fusiones
*   3be96e7 Merge branch 'Proyecto-app'
|\  
| * 6c1fcdf Agregando Proyecto app
* |   5f1f608 Merge branch 'Diseño-de-videojuegos'
|\ \  
| * | 4f9c6ef Agregando Diseño de juegos
| |/  
* |   2b06f41 Merge branch 'principios-de-comp-y-diseño'
|\ \  
| * | f297263 Agregando Principios de Composicion y diseño
| |/  
* |   08dffc8 Merge branch 'Sistemas-opertaivos'
|\ \  
| * | 38e0755 Agregando Sistemas operativos
| |/  
* / 7a165ed Agregando lenguajes interpretados
|/  
* c44aada Empezando Práctica Ramas y Fusiones
* 0595e9f Agregando apuntes de la materia
* 48fe13a Mi primer commit
